Flow report for elevator
Thu Jul 16 00:59:16 2020
Quartus II Version 9.0 Build 235 06/17/2009 Service Pack 2 SJ Web Edition


---------------------
; Table of Contents ;
---------------------
  1. Legal Notice
  2. Flow Summary
  3. Flow Settings
  4. Flow Non-Default Global Settings
  5. Flow Elapsed Time
  6. Flow OS Summary
  7. Flow Log



----------------
; Legal Notice ;
----------------
Copyright (C) 1991-2009 Altera Corporation
Your use of Altera Corporation's design tools, logic functions 
and other software and tools, and its AMPP partner logic 
functions, and any output files from any of the foregoing 
(including device programming or simulation files), and any 
associated documentation or information are expressly subject 
to the terms and conditions of the Altera Program License 
Subscription Agreement, Altera MegaCore Function License 
Agreement, or other applicable license agreement, including, 
without limitation, that your use is for the sole purpose of 
programming logic devices manufactured by Altera and sold by 
Altera or its authorized distributors.  Please refer to the 
applicable agreement for further details.



+-----------------------------------------------------------------------------------+
; Flow Summary                                                                      ;
+------------------------------------+----------------------------------------------+
; Flow Status                        ; Successful - Thu Jul 16 00:59:16 2020        ;
; Quartus II Version                 ; 9.0 Build 235 06/17/2009 SP 2 SJ Web Edition ;
; Revision Name                      ; elevator                                     ;
; Top-level Entity Name              ; elevator                                     ;
; Family                             ; Cyclone II                                   ;
; Device                             ; EP2C8T144C8                                  ;
; Timing Models                      ; Final                                        ;
; Met timing requirements            ; No                                           ;
; Total logic elements               ; 108 / 8,256 ( 1 % )                          ;
;     Total combinational functions  ; 108 / 8,256 ( 1 % )                          ;
;     Dedicated logic registers      ; 36 / 8,256 ( < 1 % )                         ;
; Total registers                    ; 36                                           ;
; Total pins                         ; 54 / 85 ( 64 % )                             ;
; Total virtual pins                 ; 0                                            ;
; Total memory bits                  ; 0 / 165,888 ( 0 % )                          ;
; Embedded Multiplier 9-bit elements ; 0 / 36 ( 0 % )                               ;
; Total PLLs                         ; 0 / 2 ( 0 % )                                ;
+------------------------------------+----------------------------------------------+


+-----------------------------------------+
; Flow Settings                           ;
+-------------------+---------------------+
; Option            ; Setting             ;
+-------------------+---------------------+
; Start date & time ; 07/16/2020 00:59:00 ;
; Main task         ; Compilation         ;
; Revision Name     ; elevator            ;
+-------------------+---------------------+


+----------------------------------------------------------------------------------------------------+
; Flow Non-Default Global Settings                                                                   ;
+-----------------------+---------------------------------+---------------+-------------+------------+
; Assignment Name       ; Value                           ; Default Value ; Entity Name ; Section Id ;
+-----------------------+---------------------------------+---------------+-------------+------------+
; COMPILER_SIGNATURE_ID ; 189924302770428.159483234007500 ; --            ; --          ; --         ;
+-----------------------+---------------------------------+---------------+-------------+------------+


+-----------------------------------------------------------------------------------------------------------------------------+
; Flow Elapsed Time                                                                                                           ;
+-------------------------+--------------+-------------------------+---------------------+------------------------------------+
; Module Name             ; Elapsed Time ; Average Processors Used ; Peak Virtual Memory ; Total CPU Time (on all processors) ;
+-------------------------+--------------+-------------------------+---------------------+------------------------------------+
; Analysis & Synthesis    ; 00:00:03     ; 1.0                     ; 237 MB              ; 00:00:02                           ;
; Fitter                  ; 00:00:04     ; 1.0                     ; 291 MB              ; 00:00:03                           ;
; Assembler               ; 00:00:02     ; 1.0                     ; 227 MB              ; 00:00:01                           ;
; Classic Timing Analyzer ; 00:00:00     ; 1.0                     ; 184 MB              ; 00:00:00                           ;
; Total                   ; 00:00:09     ; --                      ; --                  ; 00:00:06                           ;
+-------------------------+--------------+-------------------------+---------------------+------------------------------------+


+------------------------------------------------------------------------------------------+
; Flow OS Summary                                                                          ;
+-------------------------+------------------+---------------+------------+----------------+
; Module Name             ; Machine Hostname ; OS Name       ; OS Version ; Processor type ;
+-------------------------+------------------+---------------+------------+----------------+
; Analysis & Synthesis    ; DESKTOP-L8KF72A  ; Windows Vista ; 6.2        ; x86_64         ;
; Fitter                  ; DESKTOP-L8KF72A  ; Windows Vista ; 6.2        ; x86_64         ;
; Assembler               ; DESKTOP-L8KF72A  ; Windows Vista ; 6.2        ; x86_64         ;
; Classic Timing Analyzer ; DESKTOP-L8KF72A  ; Windows Vista ; 6.2        ; x86_64         ;
+-------------------------+------------------+---------------+------------+----------------+


------------
; Flow Log ;
------------
quartus_map --read_settings_files=on --write_settings_files=off elevator -c elevator
quartus_fit --read_settings_files=off --write_settings_files=off elevator -c elevator
quartus_asm --read_settings_files=off --write_settings_files=off elevator -c elevator
quartus_tan --read_settings_files=off --write_settings_files=off elevator -c elevator --timing_analysis_only



