#! /usr/local/Cellar/icarus-verilog/10.3/bin/vvp
:ivl_version "10.3 (stable)" "(v10_3)";
:ivl_delay_selection "TYPICAL";
:vpi_time_precision + 0;
:vpi_module "system";
:vpi_module "vhdl_sys";
:vpi_module "v2005_math";
:vpi_module "va_math";
S_0x7f884f7075e0 .scope module, "clock" "clock" 2 1;
 .timescale 0 0;
    .port_info 0 /INPUT 1 "show"
    .port_info 1 /INPUT 1 "clk"
    .port_info 2 /INPUT 1 "pause"
    .port_info 3 /INPUT 1 "rst"
    .port_info 4 /OUTPUT 1 "sm_bit"
    .port_info 5 /OUTPUT 7 "sm_seg"
o0x7f884f632008 .functor BUFZ 1, C4<z>; HiZ drive
v0x7f884f7077a0_0 .net "clk", 0 0, o0x7f884f632008;  0 drivers
o0x7f884f632038 .functor BUFZ 1, C4<z>; HiZ drive
v0x7f884f717820_0 .net "pause", 0 0, o0x7f884f632038;  0 drivers
o0x7f884f632068 .functor BUFZ 1, C4<z>; HiZ drive
v0x7f884f7178c0_0 .net "rst", 0 0, o0x7f884f632068;  0 drivers
o0x7f884f632098 .functor BUFZ 1, C4<z>; HiZ drive
v0x7f884f717950_0 .net "show", 0 0, o0x7f884f632098;  0 drivers
v0x7f884f7179f0_0 .var "sm_bit", 0 0;
v0x7f884f717ad0_0 .var "sm_seg", 6 0;
v0x7f884f717b80_0 .var "timesec0", 3 0;
E_0x7f884f707740 .event posedge, v0x7f884f717950_0;
E_0x7f884f707770 .event posedge, v0x7f884f7077a0_0;
    .scope S_0x7f884f7075e0;
T_0 ;
    %pushi/vec4 1, 0, 1;
    %store/vec4 v0x7f884f7179f0_0, 0, 1;
    %pushi/vec4 1, 0, 7;
    %store/vec4 v0x7f884f717ad0_0, 0, 7;
    %pushi/vec4 0, 0, 4;
    %store/vec4 v0x7f884f717b80_0, 0, 4;
    %end;
    .thread T_0;
    .scope S_0x7f884f7075e0;
T_1 ;
    %wait E_0x7f884f707770;
    %load/vec4 v0x7f884f717820_0;
    %flag_set/vec4 8;
    %jmp/0xz  T_1.0, 8;
    %load/vec4 v0x7f884f717b80_0;
    %pad/u 32;
    %cmpi/e 9, 0, 32;
    %jmp/0xz  T_1.2, 4;
    %pushi/vec4 0, 0, 4;
    %store/vec4 v0x7f884f717b80_0, 0, 4;
    %jmp T_1.3;
T_1.2 ;
    %load/vec4 v0x7f884f717b80_0;
    %addi 1, 0, 4;
    %store/vec4 v0x7f884f717b80_0, 0, 4;
T_1.3 ;
T_1.0 ;
    %load/vec4 v0x7f884f717820_0;
    %inv;
    %flag_set/vec4 8;
    %jmp/0xz  T_1.4, 8;
    %pushi/vec4 0, 0, 4;
    %store/vec4 v0x7f884f717b80_0, 0, 4;
T_1.4 ;
    %jmp T_1;
    .thread T_1;
    .scope S_0x7f884f7075e0;
T_2 ;
    %wait E_0x7f884f707740;
    %load/vec4 v0x7f884f717b80_0;
    %dup/vec4;
    %pushi/vec4 0, 0, 4;
    %cmp/u;
    %jmp/1 T_2.0, 6;
    %dup/vec4;
    %pushi/vec4 1, 0, 4;
    %cmp/u;
    %jmp/1 T_2.1, 6;
    %dup/vec4;
    %pushi/vec4 2, 0, 4;
    %cmp/u;
    %jmp/1 T_2.2, 6;
    %dup/vec4;
    %pushi/vec4 3, 0, 4;
    %cmp/u;
    %jmp/1 T_2.3, 6;
    %dup/vec4;
    %pushi/vec4 4, 0, 4;
    %cmp/u;
    %jmp/1 T_2.4, 6;
    %dup/vec4;
    %pushi/vec4 5, 0, 4;
    %cmp/u;
    %jmp/1 T_2.5, 6;
    %dup/vec4;
    %pushi/vec4 6, 0, 4;
    %cmp/u;
    %jmp/1 T_2.6, 6;
    %dup/vec4;
    %pushi/vec4 7, 0, 4;
    %cmp/u;
    %jmp/1 T_2.7, 6;
    %dup/vec4;
    %pushi/vec4 8, 0, 4;
    %cmp/u;
    %jmp/1 T_2.8, 6;
    %dup/vec4;
    %pushi/vec4 9, 0, 4;
    %cmp/u;
    %jmp/1 T_2.9, 6;
    %pushi/vec4 0, 0, 7;
    %store/vec4 v0x7f884f717ad0_0, 0, 7;
    %jmp T_2.11;
T_2.0 ;
    %pushi/vec4 126, 0, 7;
    %store/vec4 v0x7f884f717ad0_0, 0, 7;
    %jmp T_2.11;
T_2.1 ;
    %pushi/vec4 48, 0, 7;
    %store/vec4 v0x7f884f717ad0_0, 0, 7;
    %jmp T_2.11;
T_2.2 ;
    %pushi/vec4 109, 0, 7;
    %store/vec4 v0x7f884f717ad0_0, 0, 7;
    %jmp T_2.11;
T_2.3 ;
    %pushi/vec4 121, 0, 7;
    %store/vec4 v0x7f884f717ad0_0, 0, 7;
    %jmp T_2.11;
T_2.4 ;
    %pushi/vec4 51, 0, 7;
    %store/vec4 v0x7f884f717ad0_0, 0, 7;
    %jmp T_2.11;
T_2.5 ;
    %pushi/vec4 91, 0, 7;
    %store/vec4 v0x7f884f717ad0_0, 0, 7;
    %jmp T_2.11;
T_2.6 ;
    %pushi/vec4 95, 0, 7;
    %store/vec4 v0x7f884f717ad0_0, 0, 7;
    %jmp T_2.11;
T_2.7 ;
    %pushi/vec4 112, 0, 7;
    %store/vec4 v0x7f884f717ad0_0, 0, 7;
    %jmp T_2.11;
T_2.8 ;
    %pushi/vec4 127, 0, 7;
    %store/vec4 v0x7f884f717ad0_0, 0, 7;
    %jmp T_2.11;
T_2.9 ;
    %pushi/vec4 123, 0, 7;
    %store/vec4 v0x7f884f717ad0_0, 0, 7;
    %jmp T_2.11;
T_2.11 ;
    %pop/vec4 1;
    %jmp T_2;
    .thread T_2;
# The file index is used to find the file name in the following table.
:file_names 3;
    "N/A";
    "<interactive>";
    "clock.v";
