#! /usr/local/Cellar/icarus-verilog/10.3/bin/vvp
:ivl_version "10.3 (stable)" "(v10_3)";
:ivl_delay_selection "TYPICAL";
:vpi_time_precision + 0;
:vpi_module "system";
:vpi_module "vhdl_sys";
:vpi_module "v2005_math";
:vpi_module "va_math";
S_0x7fc4ce5045b0 .scope module, "FSM" "FSM" 2 1;
 .timescale 0 0;
    .port_info 0 /INPUT 4 "current"
    .port_info 1 /INPUT 8 "signal"
    .port_info 2 /OUTPUT 1 "F1"
    .port_info 3 /OUTPUT 1 "F0"
v0x7fc4ce504710_0 .var "F0", 0 0;
v0x7fc4ce5147b0_0 .var "F1", 0 0;
o0x7fc4cf832068 .functor BUFZ 4, C4<zzzz>; HiZ drive
v0x7fc4ce514850_0 .net "current", 3 0, o0x7fc4cf832068;  0 drivers
o0x7fc4cf832098 .functor BUFZ 8, C4<zzzzzzzz>; HiZ drive
v0x7fc4ce5148f0_0 .net "signal", 7 0, o0x7fc4cf832098;  0 drivers
E_0x7fc4ce504360 .event edge, v0x7fc4ce514850_0, v0x7fc4ce5148f0_0;
    .scope S_0x7fc4ce5045b0;
T_0 ;
    %wait E_0x7fc4ce504360;
    %load/vec4 v0x7fc4ce514850_0;
    %dup/vec4;
    %pushi/vec4 1, 0, 4;
    %cmp/u;
    %jmp/1 T_0.0, 6;
    %dup/vec4;
    %pushi/vec4 2, 0, 4;
    %cmp/u;
    %jmp/1 T_0.1, 6;
    %dup/vec4;
    %pushi/vec4 3, 0, 4;
    %cmp/u;
    %jmp/1 T_0.2, 6;
    %dup/vec4;
    %pushi/vec4 4, 0, 4;
    %cmp/u;
    %jmp/1 T_0.3, 6;
    %dup/vec4;
    %pushi/vec4 5, 0, 4;
    %cmp/u;
    %jmp/1 T_0.4, 6;
    %dup/vec4;
    %pushi/vec4 6, 0, 4;
    %cmp/u;
    %jmp/1 T_0.5, 6;
    %dup/vec4;
    %pushi/vec4 7, 0, 4;
    %cmp/u;
    %jmp/1 T_0.6, 6;
    %dup/vec4;
    %pushi/vec4 8, 0, 4;
    %cmp/u;
    %jmp/1 T_0.7, 6;
    %load/vec4 v0x7fc4ce5148f0_0;
    %parti/s 7, 1, 2;
    %or/r;
    %flag_set/vec4 8;
    %jmp/0xz  T_0.10, 8;
    %pushi/vec4 1, 0, 1;
    %assign/vec4 v0x7fc4ce5147b0_0, 0;
    %pushi/vec4 0, 0, 1;
    %assign/vec4 v0x7fc4ce504710_0, 0;
    %jmp T_0.11;
T_0.10 ;
    %pushi/vec4 0, 0, 1;
    %assign/vec4 v0x7fc4ce5147b0_0, 0;
    %pushi/vec4 0, 0, 1;
    %assign/vec4 v0x7fc4ce504710_0, 0;
T_0.11 ;
    %jmp T_0.9;
T_0.0 ;
    %load/vec4 v0x7fc4ce5148f0_0;
    %parti/s 7, 1, 2;
    %or/r;
    %flag_set/vec4 8;
    %jmp/0xz  T_0.12, 8;
    %pushi/vec4 1, 0, 1;
    %assign/vec4 v0x7fc4ce5147b0_0, 0;
    %pushi/vec4 0, 0, 1;
    %assign/vec4 v0x7fc4ce504710_0, 0;
    %jmp T_0.13;
T_0.12 ;
    %pushi/vec4 0, 0, 1;
    %assign/vec4 v0x7fc4ce5147b0_0, 0;
    %pushi/vec4 0, 0, 1;
    %assign/vec4 v0x7fc4ce504710_0, 0;
T_0.13 ;
    %jmp T_0.9;
T_0.1 ;
    %load/vec4 v0x7fc4ce5148f0_0;
    %parti/s 6, 2, 3;
    %or/r;
    %flag_set/vec4 8;
    %jmp/0xz  T_0.14, 8;
    %pushi/vec4 1, 0, 1;
    %assign/vec4 v0x7fc4ce5147b0_0, 0;
    %pushi/vec4 0, 0, 1;
    %assign/vec4 v0x7fc4ce504710_0, 0;
    %jmp T_0.15;
T_0.14 ;
    %load/vec4 v0x7fc4ce5148f0_0;
    %parti/s 1, 0, 2;
    %or/r;
    %flag_set/vec4 8;
    %jmp/0xz  T_0.16, 8;
    %pushi/vec4 0, 0, 1;
    %assign/vec4 v0x7fc4ce5147b0_0, 0;
    %pushi/vec4 1, 0, 1;
    %assign/vec4 v0x7fc4ce504710_0, 0;
    %jmp T_0.17;
T_0.16 ;
    %pushi/vec4 0, 0, 1;
    %assign/vec4 v0x7fc4ce5147b0_0, 0;
    %pushi/vec4 0, 0, 1;
    %assign/vec4 v0x7fc4ce504710_0, 0;
T_0.17 ;
T_0.15 ;
    %jmp T_0.9;
T_0.2 ;
    %load/vec4 v0x7fc4ce5148f0_0;
    %parti/s 5, 3, 3;
    %or/r;
    %flag_set/vec4 8;
    %jmp/0xz  T_0.18, 8;
    %pushi/vec4 1, 0, 1;
    %assign/vec4 v0x7fc4ce5147b0_0, 0;
    %pushi/vec4 0, 0, 1;
    %assign/vec4 v0x7fc4ce504710_0, 0;
    %jmp T_0.19;
T_0.18 ;
    %load/vec4 v0x7fc4ce5148f0_0;
    %parti/s 2, 0, 2;
    %or/r;
    %flag_set/vec4 8;
    %jmp/0xz  T_0.20, 8;
    %pushi/vec4 0, 0, 1;
    %assign/vec4 v0x7fc4ce5147b0_0, 0;
    %pushi/vec4 1, 0, 1;
    %assign/vec4 v0x7fc4ce504710_0, 0;
    %jmp T_0.21;
T_0.20 ;
    %pushi/vec4 0, 0, 1;
    %assign/vec4 v0x7fc4ce5147b0_0, 0;
    %pushi/vec4 0, 0, 1;
    %assign/vec4 v0x7fc4ce504710_0, 0;
T_0.21 ;
T_0.19 ;
    %jmp T_0.9;
T_0.3 ;
    %load/vec4 v0x7fc4ce5148f0_0;
    %parti/s 4, 4, 4;
    %or/r;
    %flag_set/vec4 8;
    %jmp/0xz  T_0.22, 8;
    %pushi/vec4 1, 0, 1;
    %assign/vec4 v0x7fc4ce5147b0_0, 0;
    %pushi/vec4 0, 0, 1;
    %assign/vec4 v0x7fc4ce504710_0, 0;
    %jmp T_0.23;
T_0.22 ;
    %load/vec4 v0x7fc4ce5148f0_0;
    %parti/s 3, 0, 2;
    %or/r;
    %flag_set/vec4 8;
    %jmp/0xz  T_0.24, 8;
    %pushi/vec4 0, 0, 1;
    %assign/vec4 v0x7fc4ce5147b0_0, 0;
    %pushi/vec4 1, 0, 1;
    %assign/vec4 v0x7fc4ce504710_0, 0;
    %jmp T_0.25;
T_0.24 ;
    %pushi/vec4 0, 0, 1;
    %assign/vec4 v0x7fc4ce5147b0_0, 0;
    %pushi/vec4 0, 0, 1;
    %assign/vec4 v0x7fc4ce504710_0, 0;
T_0.25 ;
T_0.23 ;
    %jmp T_0.9;
T_0.4 ;
    %load/vec4 v0x7fc4ce5148f0_0;
    %parti/s 3, 5, 4;
    %or/r;
    %flag_set/vec4 8;
    %jmp/0xz  T_0.26, 8;
    %pushi/vec4 1, 0, 1;
    %assign/vec4 v0x7fc4ce5147b0_0, 0;
    %pushi/vec4 0, 0, 1;
    %assign/vec4 v0x7fc4ce504710_0, 0;
    %jmp T_0.27;
T_0.26 ;
    %load/vec4 v0x7fc4ce5148f0_0;
    %parti/s 4, 0, 2;
    %or/r;
    %flag_set/vec4 8;
    %jmp/0xz  T_0.28, 8;
    %pushi/vec4 0, 0, 1;
    %assign/vec4 v0x7fc4ce5147b0_0, 0;
    %pushi/vec4 1, 0, 1;
    %assign/vec4 v0x7fc4ce504710_0, 0;
    %jmp T_0.29;
T_0.28 ;
    %pushi/vec4 0, 0, 1;
    %assign/vec4 v0x7fc4ce5147b0_0, 0;
    %pushi/vec4 0, 0, 1;
    %assign/vec4 v0x7fc4ce504710_0, 0;
T_0.29 ;
T_0.27 ;
    %jmp T_0.9;
T_0.5 ;
    %load/vec4 v0x7fc4ce5148f0_0;
    %parti/s 2, 6, 4;
    %or/r;
    %flag_set/vec4 8;
    %jmp/0xz  T_0.30, 8;
    %pushi/vec4 1, 0, 1;
    %assign/vec4 v0x7fc4ce5147b0_0, 0;
    %pushi/vec4 0, 0, 1;
    %assign/vec4 v0x7fc4ce504710_0, 0;
    %jmp T_0.31;
T_0.30 ;
    %load/vec4 v0x7fc4ce5148f0_0;
    %parti/s 5, 0, 2;
    %or/r;
    %flag_set/vec4 8;
    %jmp/0xz  T_0.32, 8;
    %pushi/vec4 0, 0, 1;
    %assign/vec4 v0x7fc4ce5147b0_0, 0;
    %pushi/vec4 1, 0, 1;
    %assign/vec4 v0x7fc4ce504710_0, 0;
    %jmp T_0.33;
T_0.32 ;
    %pushi/vec4 0, 0, 1;
    %assign/vec4 v0x7fc4ce5147b0_0, 0;
    %pushi/vec4 0, 0, 1;
    %assign/vec4 v0x7fc4ce504710_0, 0;
T_0.33 ;
T_0.31 ;
    %jmp T_0.9;
T_0.6 ;
    %load/vec4 v0x7fc4ce5148f0_0;
    %parti/s 1, 7, 4;
    %or/r;
    %flag_set/vec4 8;
    %jmp/0xz  T_0.34, 8;
    %pushi/vec4 1, 0, 1;
    %assign/vec4 v0x7fc4ce5147b0_0, 0;
    %pushi/vec4 0, 0, 1;
    %assign/vec4 v0x7fc4ce504710_0, 0;
    %jmp T_0.35;
T_0.34 ;
    %load/vec4 v0x7fc4ce5148f0_0;
    %parti/s 6, 0, 2;
    %or/r;
    %flag_set/vec4 8;
    %jmp/0xz  T_0.36, 8;
    %pushi/vec4 0, 0, 1;
    %assign/vec4 v0x7fc4ce5147b0_0, 0;
    %pushi/vec4 1, 0, 1;
    %assign/vec4 v0x7fc4ce504710_0, 0;
    %jmp T_0.37;
T_0.36 ;
    %pushi/vec4 0, 0, 1;
    %assign/vec4 v0x7fc4ce5147b0_0, 0;
    %pushi/vec4 0, 0, 1;
    %assign/vec4 v0x7fc4ce504710_0, 0;
T_0.37 ;
T_0.35 ;
    %jmp T_0.9;
T_0.7 ;
    %load/vec4 v0x7fc4ce5148f0_0;
    %parti/s 7, 0, 2;
    %or/r;
    %flag_set/vec4 8;
    %jmp/0xz  T_0.38, 8;
    %pushi/vec4 0, 0, 1;
    %assign/vec4 v0x7fc4ce5147b0_0, 0;
    %pushi/vec4 1, 0, 1;
    %assign/vec4 v0x7fc4ce504710_0, 0;
    %jmp T_0.39;
T_0.38 ;
    %pushi/vec4 0, 0, 1;
    %assign/vec4 v0x7fc4ce5147b0_0, 0;
    %pushi/vec4 0, 0, 1;
    %assign/vec4 v0x7fc4ce504710_0, 0;
T_0.39 ;
    %jmp T_0.9;
T_0.9 ;
    %pop/vec4 1;
    %jmp T_0;
    .thread T_0, $push;
# The file index is used to find the file name in the following table.
:file_names 3;
    "N/A";
    "<interactive>";
    "FSM.v";
